Using pre-set license
Built from '2021.3/staging' branch; Version is '2021.3.16f1 (4016570cf34f) revision 4200023'; Using compiler version '192829333'; Build Type 'Release'
OS: 'Windows 11  (10.0.22621) 64bit Core' Language: 'ko' Physical Memory: 7900 MB
BatchMode: 1, IsHumanControllingUs: 0, StartBugReporterOnCrash: 0, Is64bit: 1, IsPro: 1

COMMAND LINE ARGUMENTS:
C:\Program Files\Unity\Hub\Editor\2021.3.16f1\Editor\Unity.exe
-adb2
-batchMode
-noUpm
-name
AssetImportWorker0
-projectPath
C:/Unity/Unity Project/Creator_Kit
-logFile
Logs/AssetImportWorker0.log
-srvPort
62813
Successfully changed project path to: C:/Unity/Unity Project/Creator_Kit
C:/Unity/Unity Project/Creator_Kit
[UnityMemory] Configuration Parameters - Can be set up in boot.config
    "memorysetup-bucket-allocator-granularity=16"
    "memorysetup-bucket-allocator-bucket-count=8"
    "memorysetup-bucket-allocator-block-size=33554432"
    "memorysetup-bucket-allocator-block-count=8"
    "memorysetup-main-allocator-block-size=16777216"
    "memorysetup-thread-allocator-block-size=16777216"
    "memorysetup-gfx-main-allocator-block-size=16777216"
    "memorysetup-gfx-thread-allocator-block-size=16777216"
    "memorysetup-cache-allocator-block-size=4194304"
    "memorysetup-typetree-allocator-block-size=2097152"
    "memorysetup-profiler-bucket-allocator-granularity=16"
    "memorysetup-profiler-bucket-allocator-bucket-count=8"
    "memorysetup-profiler-bucket-allocator-block-size=33554432"
    "memorysetup-profiler-bucket-allocator-block-count=8"
    "memorysetup-profiler-allocator-block-size=16777216"
    "memorysetup-profiler-editor-allocator-block-size=1048576"
    "memorysetup-temp-allocator-size-main=16777216"
    "memorysetup-job-temp-allocator-block-size=2097152"
    "memorysetup-job-temp-allocator-block-size-background=1048576"
    "memorysetup-job-temp-allocator-reduction-small-platforms=262144"
    "memorysetup-temp-allocator-size-background-worker=32768"
    "memorysetup-temp-allocator-size-job-worker=262144"
    "memorysetup-temp-allocator-size-preload-manager=33554432"
    "memorysetup-temp-allocator-size-nav-mesh-worker=65536"
    "memorysetup-temp-allocator-size-audio-worker=65536"
    "memorysetup-temp-allocator-size-cloud-worker=32768"
    "memorysetup-temp-allocator-size-gi-baking-worker=262144"
    "memorysetup-temp-allocator-size-gfx=262144"
Player connection [12936] Host "[IP] 192.168.79.1 [Port] 0 [Flags] 2 [Guid] 2537970919 [EditorId] 2537970919 [Version] 1048832 [Id] WindowsEditor(7,DESKTOP-FNNHNRP) [Debug] 1 [PackageName] WindowsEditor [ProjectName] Editor" joined multi-casting on [225.0.0.222:54997]...

Player connection [12936] Host "[IP] 192.168.79.1 [Port] 0 [Flags] 2 [Guid] 2537970919 [EditorId] 2537970919 [Version] 1048832 [Id] WindowsEditor(7,DESKTOP-FNNHNRP) [Debug] 1 [PackageName] WindowsEditor [ProjectName] Editor" joined alternative multi-casting on [225.0.0.222:34997]...

Refreshing native plugins compatible for Editor in 208.97 ms, found 3 plugins.
Preloading 0 native plugins for Editor in 0.00 ms.
Initialize engine version: 2021.3.16f1 (4016570cf34f)
[Subsystems] Discovering subsystems at path C:/Program Files/Unity/Hub/Editor/2021.3.16f1/Editor/Data/Resources/UnitySubsystems
[Subsystems] Discovering subsystems at path C:/Unity/Unity Project/Creator_Kit/Assets
GfxDevice: creating device client; threaded=0; jobified=0
Direct3D:
    Version:  Direct3D 11.0 [level 11.1]
    Renderer: Intel(R) Iris(R) Xe Graphics (ID=0x9a49)
    Vendor:   Intel
    VRAM:     3950 MB
    Driver:   27.20.100.8853
Initialize mono
Mono path[0] = 'C:/Program Files/Unity/Hub/Editor/2021.3.16f1/Editor/Data/Managed'
Mono path[1] = 'C:/Program Files/Unity/Hub/Editor/2021.3.16f1/Editor/Data/MonoBleedingEdge/lib/mono/unityjit-win32'
Mono config path = 'C:/Program Files/Unity/Hub/Editor/2021.3.16f1/Editor/Data/MonoBleedingEdge/etc'
Using monoOptions --debugger-agent=transport=dt_socket,embedding=1,server=y,suspend=n,address=127.0.0.1:56768
Begin MonoManager ReloadAssembly
Registering precompiled unity dll's ...
Register platform support module: C:/Program Files/Unity/Hub/Editor/2021.3.16f1/Editor/Data/PlaybackEngines/AndroidPlayer/UnityEditor.Android.Extensions.dll
Register platform support module: C:/Program Files/Unity/Hub/Editor/2021.3.16f1/Editor/Data/PlaybackEngines/iOSSupport/UnityEditor.iOS.Extensions.dll
Register platform support module: C:/Program Files/Unity/Hub/Editor/2021.3.16f1/Editor/Data/PlaybackEngines/WindowsStandaloneSupport/UnityEditor.WindowsStandalone.Extensions.dll
Registered in 0.029642 seconds.
Native extension for WindowsStandalone target not found
[usbmuxd] Start listen thread
[usbmuxd] Listen thread started
Native extension for iOS target not found
Native extension for Android target not found
Refreshing native plugins compatible for Editor in 155.73 ms, found 3 plugins.
Preloading 0 native plugins for Editor in 0.00 ms.
Mono: successfully reloaded assembly
- Completed reload, in  1.508 seconds
Domain Reload Profiling:
	ReloadAssembly (1509ms)
		BeginReloadAssembly (387ms)
			ExecutionOrderSort (0ms)
			DisableScriptedObjects (0ms)
			BackupInstance (0ms)
			ReleaseScriptingObjects (0ms)
			CreateAndSetChildDomain (1ms)
		EndReloadAssembly (887ms)
			LoadAssemblies (381ms)
			RebuildTransferFunctionScriptingTraits (0ms)
			SetupTypeCache (202ms)
			ReleaseScriptCaches (0ms)
			RebuildScriptCaches (42ms)
			SetupLoadedEditorAssemblies (562ms)
				LogAssemblyErrors (0ms)
				InitializePlatformSupportModulesInManaged (142ms)
				SetLoadedEditorAssemblies (0ms)
				RefreshPlugins (156ms)
				BeforeProcessingInitializeOnLoad (3ms)
				ProcessInitializeOnLoadAttributes (174ms)
				ProcessInitializeOnLoadMethodAttributes (87ms)
				AfterProcessingInitializeOnLoad (0ms)
				EditorAssembliesLoaded (0ms)
			ExecutionOrderSort2 (0ms)
			AwakeInstancesAfterBackupRestoration (0ms)
Platform modules already initialized, skipping
Registering precompiled user dll's ...
Registered in 0.076172 seconds.
Android Extension - Scanning For ADB Devices 6319 ms
Begin MonoManager ReloadAssembly
Symbol file LoadedFromMemory doesn't match image C:\Unity\Unity Project\Creator_Kit\Library\PackageCache\com.unity.visualscripting@1.7.8\Editor\VisualScripting.Core\Dependencies\DotNetZip\Unity.VisualScripting.IonicZip.dll
Symbol file LoadedFromMemory doesn't match image C:\Unity\Unity Project\Creator_Kit\Library\PackageCache\com.unity.visualscripting@1.7.8\Editor\VisualScripting.Core\Dependencies\YamlDotNet\Unity.VisualScripting.YamlDotNet.dll
Native extension for WindowsStandalone target not found
Native extension for iOS target not found
Native extension for Android target not found
Refreshing native plugins compatible for Editor in 1.22 ms, found 3 plugins.
Preloading 0 native plugins for Editor in 0.00 ms.
Package Manager log level set to [2]
Mono: successfully reloaded assembly
- Completed reload, in  1.845 seconds
Domain Reload Profiling:
	ReloadAssembly (1846ms)
		BeginReloadAssembly (209ms)
			ExecutionOrderSort (0ms)
			DisableScriptedObjects (7ms)
			BackupInstance (0ms)
			ReleaseScriptingObjects (0ms)
			CreateAndSetChildDomain (29ms)
		EndReloadAssembly (1451ms)
			LoadAssemblies (309ms)
			RebuildTransferFunctionScriptingTraits (0ms)
			SetupTypeCache (413ms)
			ReleaseScriptCaches (1ms)
			RebuildScriptCaches (76ms)
			SetupLoadedEditorAssemblies (647ms)
				LogAssemblyErrors (0ms)
				InitializePlatformSupportModulesInManaged (31ms)
				SetLoadedEditorAssemblies (1ms)
				RefreshPlugins (1ms)
				BeforeProcessingInitializeOnLoad (144ms)
				ProcessInitializeOnLoadAttributes (300ms)
				ProcessInitializeOnLoadMethodAttributes (158ms)
				AfterProcessingInitializeOnLoad (13ms)
				EditorAssembliesLoaded (0ms)
			ExecutionOrderSort2 (0ms)
			AwakeInstancesAfterBackupRestoration (17ms)
Platform modules already initialized, skipping
========================================================================
Worker process is ready to serve import requests
Launched and connected shader compiler UnityShaderCompiler.exe after 0.11 seconds
Refreshing native plugins compatible for Editor in 0.89 ms, found 3 plugins.
Preloading 0 native plugins for Editor in 0.00 ms.
Unloading 4296 Unused Serialized files (Serialized files now loaded: 0)
Unloading 80 unused Assets / (1.3 MB). Loaded Objects now: 4721.
Memory consumption went from 227.4 MB to 226.1 MB.
Total: 8.802700 ms (FindLiveObjects: 0.434300 ms CreateObjectMapping: 0.685200 ms MarkObjects: 7.358900 ms  DeleteObjects: 0.322700 ms)

AssetImportParameters requested are different than current active one (requested -> active):
  custom:video-decoder-ogg-theora: a1e56fd34408186e4bbccfd4996cb3dc -> 
  custom:container-muxer-webm: aa71ff27fc2769a1b78a27578f13a17b -> 
  custom:container-demuxer-webm: 4f35f7cbe854078d1ac9338744f61a02 -> 
  custom:video-encoder-webm-vp8: eb34c28f22e8b96e1ab97ce403110664 -> 
  custom:audio-encoder-webm-vorbis: bf7c407c2cedff20999df2af8eb42d56 -> 
  custom:framework-win-MediaFoundation: 216162199b28c13a410421893ffa2e32 -> 
  custom:container-demuxer-ogg: 62fdf1f143b41e24485cea50d1cbac27 -> 
  custom:video-decoder-webm-vp8: 9c59270c3fd7afecdb556c50c9e8de78 -> 
  custom:audio-decoder-ogg-vorbis: bf7c407c2cedff20999df2af8eb42d56 -> 
========================================================================
Received Import Request.
  Time since last request: 479954.527220 seconds.
  path: Assets/Creator Kit - FPS/Art/Prefabs/Props/Tooth.prefab
  artifactKey: Guid(2947946e8fce6a04e90a006983e11ac0) Importer(815301076,1909f56bfc062723c751e8b465ee728b)
Start importing Assets/Creator Kit - FPS/Art/Prefabs/Props/Tooth.prefab using Guid(2947946e8fce6a04e90a006983e11ac0) Importer(815301076,1909f56bfc062723c751e8b465ee728b)  -> (artifact id: 'dd812e3dd8b72cddaa0c095a31c22f3a') in 0.218458 seconds 
========================================================================
Received Import Request.
  Time since last request: 0.000031 seconds.
  path: Assets/Creator Kit - FPS/Art/Prefabs/Props/VeinLargeA.prefab
  artifactKey: Guid(f8c74211d2b839f4fb26a872aa512b08) Importer(815301076,1909f56bfc062723c751e8b465ee728b)
Start importing Assets/Creator Kit - FPS/Art/Prefabs/Props/VeinLargeA.prefab using Guid(f8c74211d2b839f4fb26a872aa512b08) Importer(815301076,1909f56bfc062723c751e8b465ee728b)  -> (artifact id: '2f4ac729a62ef1411f4c1d1337f9a657') in 0.123191 seconds 
========================================================================
Received Import Request.
  Time since last request: 0.000052 seconds.
  path: Assets/Creator Kit - FPS/Art/Prefabs/VFX/PillExplosion.prefab
  artifactKey: Guid(9bba9cf244c53c5439505dfc96fdd11c) Importer(815301076,1909f56bfc062723c751e8b465ee728b)
Start importing Assets/Creator Kit - FPS/Art/Prefabs/VFX/PillExplosion.prefab using Guid(9bba9cf244c53c5439505dfc96fdd11c) Importer(815301076,1909f56bfc062723c751e8b465ee728b)  -> (artifact id: 'bc6dd4e5b07f2b4498d266ae93466614') in 0.485156 seconds 
========================================================================
Received Import Request.
  Time since last request: 0.000031 seconds.
  path: Assets/Creator Kit - FPS/Art/Prefabs/Props/ToothMolar2.prefab
  artifactKey: Guid(4502ea73c64fc234dba9db5ece178cb2) Importer(815301076,1909f56bfc062723c751e8b465ee728b)
Start importing Assets/Creator Kit - FPS/Art/Prefabs/Props/ToothMolar2.prefab using Guid(4502ea73c64fc234dba9db5ece178cb2) Importer(815301076,1909f56bfc062723c751e8b465ee728b)  -> (artifact id: 'e5a6dc4b04adb07f32c5b35f2c27dde5') in 0.038226 seconds 
========================================================================
Received Import Request.
  Time since last request: 0.000052 seconds.
  path: Assets/Creator Kit - FPS/Art/Prefabs/VFX/Trail.prefab
  artifactKey: Guid(bc513dca9b359aa49aac8365c74ad13d) Importer(815301076,1909f56bfc062723c751e8b465ee728b)
Start importing Assets/Creator Kit - FPS/Art/Prefabs/VFX/Trail.prefab using Guid(bc513dca9b359aa49aac8365c74ad13d) Importer(815301076,1909f56bfc062723c751e8b465ee728b)  -> (artifact id: 'c81d986362a5e233088cba1e2f77ac2b') in 0.086472 seconds 
========================================================================
Received Import Request.
  Time since last request: 0.000034 seconds.
  path: Assets/Creator Kit - FPS/Art/Prefabs/Props/Bone01.prefab
  artifactKey: Guid(8a0509da488e18e41bf5b29cb6422b27) Importer(815301076,1909f56bfc062723c751e8b465ee728b)
Start importing Assets/Creator Kit - FPS/Art/Prefabs/Props/Bone01.prefab using Guid(8a0509da488e18e41bf5b29cb6422b27) Importer(815301076,1909f56bfc062723c751e8b465ee728b)  -> (artifact id: '286433380e9c8b56f52a411a1702c681') in 0.049828 seconds 
========================================================================
Received Import Request.
  Time since last request: 0.000060 seconds.
  path: Assets/Creator Kit - FPS/Art/Prefabs/Props/ToothMolarGold.prefab
  artifactKey: Guid(da8d4734e4960124d94e80bf3b24e790) Importer(815301076,1909f56bfc062723c751e8b465ee728b)
Start importing Assets/Creator Kit - FPS/Art/Prefabs/Props/ToothMolarGold.prefab using Guid(da8d4734e4960124d94e80bf3b24e790) Importer(815301076,1909f56bfc062723c751e8b465ee728b)  -> (artifact id: '01f75b90fe6fc373bb614ad5713b0f9d') in 0.053906 seconds 
========================================================================
Received Import Request.
  Time since last request: 0.000045 seconds.
  path: Assets/Creator Kit - FPS/Art/Prefabs/ImpactEffect/ImpactParticleRed.prefab
  artifactKey: Guid(8295112e583865641840c18d2a36dae2) Importer(815301076,1909f56bfc062723c751e8b465ee728b)
Start importing Assets/Creator Kit - FPS/Art/Prefabs/ImpactEffect/ImpactParticleRed.prefab using Guid(8295112e583865641840c18d2a36dae2) Importer(815301076,1909f56bfc062723c751e8b465ee728b)  -> (artifact id: '0962386b5bc723cab53c1d8cc161a67b') in 0.120215 seconds 
========================================================================
Received Import Request.
  Time since last request: 0.000057 seconds.
  path: Assets/Creator Kit - FPS/Art/Prefabs/VFX/DustMotesEffect.prefab
  artifactKey: Guid(6df328a8d22763540b6acb2ca49da47e) Importer(815301076,1909f56bfc062723c751e8b465ee728b)
Start importing Assets/Creator Kit - FPS/Art/Prefabs/VFX/DustMotesEffect.prefab using Guid(6df328a8d22763540b6acb2ca49da47e) Importer(815301076,1909f56bfc062723c751e8b465ee728b)  -> (artifact id: 'fb00934d9f6b1e54118e51f77f2d2918') in 0.021415 seconds 
========================================================================
Received Import Request.
  Time since last request: 0.000034 seconds.
  path: Assets/Creator Kit - FPS/Art/Prefabs/Props/Vein3.prefab
  artifactKey: Guid(4dfc99b2e1fca64429dcd00a1e9f1729) Importer(815301076,1909f56bfc062723c751e8b465ee728b)
Start importing Assets/Creator Kit - FPS/Art/Prefabs/Props/Vein3.prefab using Guid(4dfc99b2e1fca64429dcd00a1e9f1729) Importer(815301076,1909f56bfc062723c751e8b465ee728b)  -> (artifact id: 'b8a21c2c3c86d26d4353fcf08e253438') in 0.058164 seconds 
========================================================================
Received Import Request.
  Time since last request: 0.000034 seconds.
  path: Assets/Creator Kit - FPS/Art/Prefabs/Props/FatArch.prefab
  artifactKey: Guid(5f0bee8413a72064599464271763b1b4) Importer(815301076,1909f56bfc062723c751e8b465ee728b)
Start importing Assets/Creator Kit - FPS/Art/Prefabs/Props/FatArch.prefab using Guid(5f0bee8413a72064599464271763b1b4) Importer(815301076,1909f56bfc062723c751e8b465ee728b)  -> (artifact id: 'bb7beaacf49d42e215fea9fe47f0fb11') in 0.060255 seconds 
========================================================================
Received Import Request.
  Time since last request: 0.000033 seconds.
  path: Assets/Creator Kit - FPS/Art/Prefabs/Props/VeinLargeC.prefab
  artifactKey: Guid(6c33ff8de3f090441bf47998eea943b0) Importer(815301076,1909f56bfc062723c751e8b465ee728b)
Start importing Assets/Creator Kit - FPS/Art/Prefabs/Props/VeinLargeC.prefab using Guid(6c33ff8de3f090441bf47998eea943b0) Importer(815301076,1909f56bfc062723c751e8b465ee728b)  -> (artifact id: 'd10aaaed16b7744281a92b498c40b07c') in 0.057014 seconds 
========================================================================
Received Import Request.
  Time since last request: 0.000026 seconds.
  path: Assets/Creator Kit - FPS/Art/Prefabs/Props/VeinLargeE.prefab
  artifactKey: Guid(a69f4bad11f421e419b8cb5341767af6) Importer(815301076,1909f56bfc062723c751e8b465ee728b)
Start importing Assets/Creator Kit - FPS/Art/Prefabs/Props/VeinLargeE.prefab using Guid(a69f4bad11f421e419b8cb5341767af6) Importer(815301076,1909f56bfc062723c751e8b465ee728b)  -> (artifact id: '720dfc95086fb7c7b824ad2cea7b68c3') in 0.101234 seconds 
========================================================================
Received Import Request.
  Time since last request: 0.000061 seconds.
  path: Assets/Creator Kit - FPS/Art/Prefabs/Props
  artifactKey: Guid(38e00073a9775ca4c91164e92ed4d67e) Importer(815301076,1909f56bfc062723c751e8b465ee728b)
Start importing Assets/Creator Kit - FPS/Art/Prefabs/Props using Guid(38e00073a9775ca4c91164e92ed4d67e) Importer(815301076,1909f56bfc062723c751e8b465ee728b)  -> (artifact id: 'a7c457cf53c3a4e5a6816e0315390ec5') in 0.007568 seconds 
========================================================================
Received Import Request.
  Time since last request: 0.000042 seconds.
  path: Assets/Creator Kit - FPS/Art/Prefabs/Props/Vein1.prefab
  artifactKey: Guid(ad479ad88f34f9047846c99a52d23742) Importer(815301076,1909f56bfc062723c751e8b465ee728b)
Start importing Assets/Creator Kit - FPS/Art/Prefabs/Props/Vein1.prefab using Guid(ad479ad88f34f9047846c99a52d23742) Importer(815301076,1909f56bfc062723c751e8b465ee728b)  -> (artifact id: '3d1863d81881d3b336dc5c85fc97163d') in 0.146586 seconds 
========================================================================
Received Import Request.
  Time since last request: 0.000040 seconds.
  path: Assets/Creator Kit - FPS/Art/Prefabs/VFX/LightParticles.prefab
  artifactKey: Guid(3f1ddb7022225814aaa00dc7e4ebbfcf) Importer(815301076,1909f56bfc062723c751e8b465ee728b)
Start importing Assets/Creator Kit - FPS/Art/Prefabs/VFX/LightParticles.prefab using Guid(3f1ddb7022225814aaa00dc7e4ebbfcf) Importer(815301076,1909f56bfc062723c751e8b465ee728b)  -> (artifact id: '7bfaa89976947d31f157c4a697cbf606') in 0.025765 seconds 
========================================================================
Received Import Request.
  Time since last request: 10.943909 seconds.
  path: Assets/Creator Kit - FPS/Prefabs/Targets/BloodCellTarget.prefab
  artifactKey: Guid(126f10c54fce41d4aa610945f0da1c61) Importer(815301076,1909f56bfc062723c751e8b465ee728b)
Start importing Assets/Creator Kit - FPS/Prefabs/Targets/BloodCellTarget.prefab using Guid(126f10c54fce41d4aa610945f0da1c61) Importer(815301076,1909f56bfc062723c751e8b465ee728b)  -> (artifact id: 'b16046e1b45edd8b27392b7a8dfec8d8') in 0.064206 seconds 
========================================================================
Received Import Request.
  Time since last request: 4.975659 seconds.
  path: Assets/Creator Kit - FPS/Prefabs/Targets/GermSpike.prefab
  artifactKey: Guid(7cb583553b404c045ba4aac2c16a3f3e) Importer(815301076,1909f56bfc062723c751e8b465ee728b)
Start importing Assets/Creator Kit - FPS/Prefabs/Targets/GermSpike.prefab using Guid(7cb583553b404c045ba4aac2c16a3f3e) Importer(815301076,1909f56bfc062723c751e8b465ee728b)  -> (artifact id: 'c2b29c6cb9c53991ea1ef0f3b5467a2f') in 0.056711 seconds 
========================================================================
Received Prepare
Registering precompiled user dll's ...
Registered in 0.014957 seconds.
Begin MonoManager ReloadAssembly
Symbol file LoadedFromMemory doesn't match image C:\Unity\Unity Project\Creator_Kit\Library\PackageCache\com.unity.visualscripting@1.7.8\Editor\VisualScripting.Core\Dependencies\DotNetZip\Unity.VisualScripting.IonicZip.dll
Symbol file LoadedFromMemory doesn't match image C:\Unity\Unity Project\Creator_Kit\Library\PackageCache\com.unity.visualscripting@1.7.8\Editor\VisualScripting.Core\Dependencies\YamlDotNet\Unity.VisualScripting.YamlDotNet.dll
Native extension for WindowsStandalone target not found
Native extension for iOS target not found
Native extension for Android target not found
Refreshing native plugins compatible for Editor in 2.06 ms, found 3 plugins.
Preloading 0 native plugins for Editor in 0.00 ms.
Mono: successfully reloaded assembly
- Completed reload, in  2.632 seconds
Domain Reload Profiling:
	ReloadAssembly (2634ms)
		BeginReloadAssembly (344ms)
			ExecutionOrderSort (0ms)
			DisableScriptedObjects (10ms)
			BackupInstance (0ms)
			ReleaseScriptingObjects (0ms)
			CreateAndSetChildDomain (86ms)
		EndReloadAssembly (2078ms)
			LoadAssemblies (312ms)
			RebuildTransferFunctionScriptingTraits (0ms)
			SetupTypeCache (593ms)
			ReleaseScriptCaches (3ms)
			RebuildScriptCaches (85ms)
			SetupLoadedEditorAssemblies (1003ms)
				LogAssemblyErrors (0ms)
				InitializePlatformSupportModulesInManaged (64ms)
				SetLoadedEditorAssemblies (1ms)
				RefreshPlugins (2ms)
				BeforeProcessingInitializeOnLoad (169ms)
				ProcessInitializeOnLoadAttributes (408ms)
				ProcessInitializeOnLoadMethodAttributes (327ms)
				AfterProcessingInitializeOnLoad (32ms)
				EditorAssembliesLoaded (1ms)
			ExecutionOrderSort2 (0ms)
			AwakeInstancesAfterBackupRestoration (32ms)
Platform modules already initialized, skipping
Refreshing native plugins compatible for Editor in 25.72 ms, found 3 plugins.
Preloading 0 native plugins for Editor in 0.00 ms.
Unloading 4255 Unused Serialized files (Serialized files now loaded: 0)
Unloading 70 unused Assets / (1.3 MB). Loaded Objects now: 4735.
Memory consumption went from 240.8 MB to 239.5 MB.
Total: 12.065700 ms (FindLiveObjects: 0.528500 ms CreateObjectMapping: 0.985200 ms MarkObjects: 9.921800 ms  DeleteObjects: 0.628400 ms)

AssetImportParameters requested are different than current active one (requested -> active):
  custom:video-decoder-ogg-theora: a1e56fd34408186e4bbccfd4996cb3dc -> 
  custom:container-muxer-webm: aa71ff27fc2769a1b78a27578f13a17b -> 
  custom:container-demuxer-webm: 4f35f7cbe854078d1ac9338744f61a02 -> 
  custom:video-encoder-webm-vp8: eb34c28f22e8b96e1ab97ce403110664 -> 
  custom:audio-encoder-webm-vorbis: bf7c407c2cedff20999df2af8eb42d56 -> 
  custom:framework-win-MediaFoundation: 216162199b28c13a410421893ffa2e32 -> 
  custom:container-demuxer-ogg: 62fdf1f143b41e24485cea50d1cbac27 -> 
  custom:video-decoder-webm-vp8: 9c59270c3fd7afecdb556c50c9e8de78 -> 
  custom:audio-decoder-ogg-vorbis: bf7c407c2cedff20999df2af8eb42d56 -> 
========================================================================
Received Import Request.
  Time since last request: 573.207981 seconds.
  path: Assets/Creator Kit - FPS/Prefabs/Door and Key/FatBLob.prefab
  artifactKey: Guid(d26356071d092484f9b68a18937abd19) Importer(815301076,1909f56bfc062723c751e8b465ee728b)
Start importing Assets/Creator Kit - FPS/Prefabs/Door and Key/FatBLob.prefab using Guid(d26356071d092484f9b68a18937abd19) Importer(815301076,1909f56bfc062723c751e8b465ee728b)  -> (artifact id: '88e2f34d8770e9593b945da3957ddcff') in 0.708562 seconds 
========================================================================
Received Import Request.
  Time since last request: 194.899405 seconds.
  path: Assets/Creator Kit - FPS/Prefabs/Door and Key/FatBLob.prefab
  artifactKey: Guid(d26356071d092484f9b68a18937abd19) Importer(815301076,1909f56bfc062723c751e8b465ee728b)
Start importing Assets/Creator Kit - FPS/Prefabs/Door and Key/FatBLob.prefab using Guid(d26356071d092484f9b68a18937abd19) Importer(815301076,1909f56bfc062723c751e8b465ee728b)  -> (artifact id: '24f49a60f3de406efc07adf2c7e198e2') in 0.078884 seconds 
========================================================================
Received Prepare
Registering precompiled user dll's ...
Registered in 0.014031 seconds.
Begin MonoManager ReloadAssembly
Symbol file LoadedFromMemory doesn't match image C:\Unity\Unity Project\Creator_Kit\Library\PackageCache\com.unity.visualscripting@1.7.8\Editor\VisualScripting.Core\Dependencies\DotNetZip\Unity.VisualScripting.IonicZip.dll
Symbol file LoadedFromMemory doesn't match image C:\Unity\Unity Project\Creator_Kit\Library\PackageCache\com.unity.visualscripting@1.7.8\Editor\VisualScripting.Core\Dependencies\YamlDotNet\Unity.VisualScripting.YamlDotNet.dll
Native extension for WindowsStandalone target not found
Native extension for iOS target not found
Native extension for Android target not found
Refreshing native plugins compatible for Editor in 1.74 ms, found 3 plugins.
Preloading 0 native plugins for Editor in 0.00 ms.
Mono: successfully reloaded assembly
- Completed reload, in  2.484 seconds
Domain Reload Profiling:
	ReloadAssembly (2486ms)
		BeginReloadAssembly (397ms)
			ExecutionOrderSort (0ms)
			DisableScriptedObjects (14ms)
			BackupInstance (0ms)
			ReleaseScriptingObjects (0ms)
			CreateAndSetChildDomain (92ms)
		EndReloadAssembly (1833ms)
			LoadAssemblies (322ms)
			RebuildTransferFunctionScriptingTraits (0ms)
			SetupTypeCache (544ms)
			ReleaseScriptCaches (3ms)
			RebuildScriptCaches (79ms)
			SetupLoadedEditorAssemblies (884ms)
				LogAssemblyErrors (0ms)
				InitializePlatformSupportModulesInManaged (60ms)
				SetLoadedEditorAssemblies (1ms)
				RefreshPlugins (2ms)
				BeforeProcessingInitializeOnLoad (157ms)
				ProcessInitializeOnLoadAttributes (417ms)
				ProcessInitializeOnLoadMethodAttributes (225ms)
				AfterProcessingInitializeOnLoad (20ms)
				EditorAssembliesLoaded (0ms)
			ExecutionOrderSort2 (0ms)
			AwakeInstancesAfterBackupRestoration (22ms)
Platform modules already initialized, skipping
Refreshing native plugins compatible for Editor in 14.83 ms, found 3 plugins.
Preloading 0 native plugins for Editor in 0.00 ms.
Unloading 4255 Unused Serialized files (Serialized files now loaded: 0)
Unloading 69 unused Assets / (1.3 MB). Loaded Objects now: 4742.
Memory consumption went from 241.0 MB to 239.7 MB.
Total: 13.744100 ms (FindLiveObjects: 1.013100 ms CreateObjectMapping: 0.636200 ms MarkObjects: 11.371600 ms  DeleteObjects: 0.544400 ms)

AssetImportParameters requested are different than current active one (requested -> active):
  custom:video-decoder-ogg-theora: a1e56fd34408186e4bbccfd4996cb3dc -> 
  custom:container-muxer-webm: aa71ff27fc2769a1b78a27578f13a17b -> 
  custom:container-demuxer-webm: 4f35f7cbe854078d1ac9338744f61a02 -> 
  custom:video-encoder-webm-vp8: eb34c28f22e8b96e1ab97ce403110664 -> 
  custom:audio-encoder-webm-vorbis: bf7c407c2cedff20999df2af8eb42d56 -> 
  custom:framework-win-MediaFoundation: 216162199b28c13a410421893ffa2e32 -> 
  custom:container-demuxer-ogg: 62fdf1f143b41e24485cea50d1cbac27 -> 
  custom:video-decoder-webm-vp8: 9c59270c3fd7afecdb556c50c9e8de78 -> 
  custom:audio-decoder-ogg-vorbis: bf7c407c2cedff20999df2af8eb42d56 -> 
========================================================================
Received Import Request.
  Time since last request: 466.202864 seconds.
  path: Assets/Creator Kit - FPS/Prefabs/Weapons/GermOBlaster.prefab
  artifactKey: Guid(a7112150bc902aa40a065439ad698c01) Importer(815301076,1909f56bfc062723c751e8b465ee728b)
Start importing Assets/Creator Kit - FPS/Prefabs/Weapons/GermOBlaster.prefab using Guid(a7112150bc902aa40a065439ad698c01) Importer(815301076,1909f56bfc062723c751e8b465ee728b)  -> (artifact id: '62837f832aca9eaf8ba230f0128137cc') in 0.666706 seconds 
========================================================================
Received Import Request.
  Time since last request: 0.000045 seconds.
  path: Assets/Creator Kit - FPS/Prefabs/Weapons/PillProjectile.prefab
  artifactKey: Guid(4cfffa2f875e16444a1aa80acb915297) Importer(815301076,1909f56bfc062723c751e8b465ee728b)
Start importing Assets/Creator Kit - FPS/Prefabs/Weapons/PillProjectile.prefab using Guid(4cfffa2f875e16444a1aa80acb915297) Importer(815301076,1909f56bfc062723c751e8b465ee728b)  -> (artifact id: 'ec07d9a62e84cd3560f0a84badee358e') in 0.074051 seconds 
========================================================================
Received Import Request.
  Time since last request: 5.560238 seconds.
  path: Assets/Creator Kit - FPS/Prefabs/Weapons/GermOBlaster 1.prefab
  artifactKey: Guid(8f27a5b9a05a185489b103b2fbf6b505) Importer(815301076,1909f56bfc062723c751e8b465ee728b)
Start importing Assets/Creator Kit - FPS/Prefabs/Weapons/GermOBlaster 1.prefab using Guid(8f27a5b9a05a185489b103b2fbf6b505) Importer(815301076,1909f56bfc062723c751e8b465ee728b)  -> (artifact id: 'c36fbf926f573a1339597a211754825a') in 0.098961 seconds 
========================================================================
Received Import Request.
  Time since last request: 39.083408 seconds.
  path: Assets/Creator Kit - FPS/Prefabs/Weapons/WHweopon.prefab
  artifactKey: Guid(8f27a5b9a05a185489b103b2fbf6b505) Importer(815301076,1909f56bfc062723c751e8b465ee728b)
Start importing Assets/Creator Kit - FPS/Prefabs/Weapons/WHweopon.prefab using Guid(8f27a5b9a05a185489b103b2fbf6b505) Importer(815301076,1909f56bfc062723c751e8b465ee728b)  -> (artifact id: '8a5fd8009b9c043011d6872acb7bdba5') in 0.084592 seconds 
========================================================================
Received Import Request.
  Time since last request: 61.247832 seconds.
  path: Assets/Creator Kit - FPS/Prefabs/Weapons/WHweopon.prefab
  artifactKey: Guid(8f27a5b9a05a185489b103b2fbf6b505) Importer(815301076,1909f56bfc062723c751e8b465ee728b)
Start importing Assets/Creator Kit - FPS/Prefabs/Weapons/WHweopon.prefab using Guid(8f27a5b9a05a185489b103b2fbf6b505) Importer(815301076,1909f56bfc062723c751e8b465ee728b)  -> (artifact id: '8d14f358101847531aca085d78d7e7cb') in 0.077072 seconds 
========================================================================
Received Import Request.
  Time since last request: 33.703722 seconds.
  path: Assets/Creator Kit - FPS/Prefabs/Weapons/WHweopon.prefab
  artifactKey: Guid(8f27a5b9a05a185489b103b2fbf6b505) Importer(815301076,1909f56bfc062723c751e8b465ee728b)
Start importing Assets/Creator Kit - FPS/Prefabs/Weapons/WHweopon.prefab using Guid(8f27a5b9a05a185489b103b2fbf6b505) Importer(815301076,1909f56bfc062723c751e8b465ee728b)  -> (artifact id: '07ab9de548c5d46eb7f023bfb079f2f1') in 0.069724 seconds 
========================================================================
Received Import Request.
  Time since last request: 19.241542 seconds.
  path: Assets/Creator Kit - FPS/Prefabs/Weapons/WHweopon.prefab
  artifactKey: Guid(8f27a5b9a05a185489b103b2fbf6b505) Importer(815301076,1909f56bfc062723c751e8b465ee728b)
Start importing Assets/Creator Kit - FPS/Prefabs/Weapons/WHweopon.prefab using Guid(8f27a5b9a05a185489b103b2fbf6b505) Importer(815301076,1909f56bfc062723c751e8b465ee728b)  -> (artifact id: '3a79051213d6016daf62f50d6b5c7c46') in 0.087827 seconds 
========================================================================
Received Prepare
Registering precompiled user dll's ...
Registered in 0.015671 seconds.
Begin MonoManager ReloadAssembly
Symbol file LoadedFromMemory doesn't match image C:\Unity\Unity Project\Creator_Kit\Library\PackageCache\com.unity.visualscripting@1.7.8\Editor\VisualScripting.Core\Dependencies\DotNetZip\Unity.VisualScripting.IonicZip.dll
Symbol file LoadedFromMemory doesn't match image C:\Unity\Unity Project\Creator_Kit\Library\PackageCache\com.unity.visualscripting@1.7.8\Editor\VisualScripting.Core\Dependencies\YamlDotNet\Unity.VisualScripting.YamlDotNet.dll
Native extension for WindowsStandalone target not found
Native extension for iOS target not found
Native extension for Android target not found
Refreshing native plugins compatible for Editor in 1.02 ms, found 3 plugins.
Preloading 0 native plugins for Editor in 0.00 ms.
Mono: successfully reloaded assembly
- Completed reload, in  2.395 seconds
Domain Reload Profiling:
	ReloadAssembly (2397ms)
		BeginReloadAssembly (363ms)
			ExecutionOrderSort (0ms)
			DisableScriptedObjects (11ms)
			BackupInstance (0ms)
			ReleaseScriptingObjects (0ms)
			CreateAndSetChildDomain (140ms)
		EndReloadAssembly (1825ms)
			LoadAssemblies (240ms)
			RebuildTransferFunctionScriptingTraits (0ms)
			SetupTypeCache (607ms)
			ReleaseScriptCaches (2ms)
			RebuildScriptCaches (85ms)
			SetupLoadedEditorAssemblies (825ms)
				LogAssemblyErrors (0ms)
				InitializePlatformSupportModulesInManaged (63ms)
				SetLoadedEditorAssemblies (1ms)
				RefreshPlugins (1ms)
				BeforeProcessingInitializeOnLoad (137ms)
				ProcessInitializeOnLoadAttributes (367ms)
				ProcessInitializeOnLoadMethodAttributes (237ms)
				AfterProcessingInitializeOnLoad (18ms)
				EditorAssembliesLoaded (0ms)
			ExecutionOrderSort2 (0ms)
			AwakeInstancesAfterBackupRestoration (22ms)
Platform modules already initialized, skipping
Refreshing native plugins compatible for Editor in 17.55 ms, found 3 plugins.
Preloading 0 native plugins for Editor in 0.00 ms.
Unloading 4255 Unused Serialized files (Serialized files now loaded: 0)
Unloading 70 unused Assets / (1.3 MB). Loaded Objects now: 4745.
Memory consumption went from 241.1 MB to 239.8 MB.
Total: 16.426200 ms (FindLiveObjects: 2.884700 ms CreateObjectMapping: 1.675500 ms MarkObjects: 11.171400 ms  DeleteObjects: 0.692600 ms)

AssetImportParameters requested are different than current active one (requested -> active):
  custom:video-decoder-ogg-theora: a1e56fd34408186e4bbccfd4996cb3dc -> 
  custom:container-muxer-webm: aa71ff27fc2769a1b78a27578f13a17b -> 
  custom:container-demuxer-webm: 4f35f7cbe854078d1ac9338744f61a02 -> 
  custom:video-encoder-webm-vp8: eb34c28f22e8b96e1ab97ce403110664 -> 
  custom:audio-encoder-webm-vorbis: bf7c407c2cedff20999df2af8eb42d56 -> 
  custom:framework-win-MediaFoundation: 216162199b28c13a410421893ffa2e32 -> 
  custom:container-demuxer-ogg: 62fdf1f143b41e24485cea50d1cbac27 -> 
  custom:video-decoder-webm-vp8: 9c59270c3fd7afecdb556c50c9e8de78 -> 
  custom:audio-decoder-ogg-vorbis: bf7c407c2cedff20999df2af8eb42d56 -> 
========================================================================
Received Import Request.
  Time since last request: 160.277772 seconds.
  path: Assets/Creator Kit - FPS/Prefabs/Weapons/Pill.prefab
  artifactKey: Guid(4f2e46d4d4842c849a745f6e82991e57) Importer(815301076,1909f56bfc062723c751e8b465ee728b)
Start importing Assets/Creator Kit - FPS/Prefabs/Weapons/Pill.prefab using Guid(4f2e46d4d4842c849a745f6e82991e57) Importer(815301076,1909f56bfc062723c751e8b465ee728b)  -> (artifact id: '71db250a68acc4613fba49892eba0668') in 0.214014 seconds 
========================================================================
Received Prepare
Registering precompiled user dll's ...
Registered in 0.014111 seconds.
Begin MonoManager ReloadAssembly
Symbol file LoadedFromMemory doesn't match image C:\Unity\Unity Project\Creator_Kit\Library\PackageCache\com.unity.visualscripting@1.7.8\Editor\VisualScripting.Core\Dependencies\DotNetZip\Unity.VisualScripting.IonicZip.dll
Symbol file LoadedFromMemory doesn't match image C:\Unity\Unity Project\Creator_Kit\Library\PackageCache\com.unity.visualscripting@1.7.8\Editor\VisualScripting.Core\Dependencies\YamlDotNet\Unity.VisualScripting.YamlDotNet.dll
Native extension for WindowsStandalone target not found
Native extension for iOS target not found
Native extension for Android target not found
Refreshing native plugins compatible for Editor in 2.13 ms, found 3 plugins.
Preloading 0 native plugins for Editor in 0.00 ms.
Mono: successfully reloaded assembly
- Completed reload, in  2.546 seconds
Domain Reload Profiling:
	ReloadAssembly (2547ms)
		BeginReloadAssembly (389ms)
			ExecutionOrderSort (0ms)
			DisableScriptedObjects (12ms)
			BackupInstance (0ms)
			ReleaseScriptingObjects (0ms)
			CreateAndSetChildDomain (100ms)
		EndReloadAssembly (1953ms)
			LoadAssemblies (328ms)
			RebuildTransferFunctionScriptingTraits (0ms)
			SetupTypeCache (590ms)
			ReleaseScriptCaches (3ms)
			RebuildScriptCaches (98ms)
			SetupLoadedEditorAssemblies (915ms)
				LogAssemblyErrors (0ms)
				InitializePlatformSupportModulesInManaged (76ms)
				SetLoadedEditorAssemblies (1ms)
				RefreshPlugins (3ms)
				BeforeProcessingInitializeOnLoad (147ms)
				ProcessInitializeOnLoadAttributes (423ms)
				ProcessInitializeOnLoadMethodAttributes (243ms)
				AfterProcessingInitializeOnLoad (21ms)
				EditorAssembliesLoaded (0ms)
			ExecutionOrderSort2 (0ms)
			AwakeInstancesAfterBackupRestoration (24ms)
Platform modules already initialized, skipping
Refreshing native plugins compatible for Editor in 28.79 ms, found 3 plugins.
Preloading 0 native plugins for Editor in 0.00 ms.
Unloading 4255 Unused Serialized files (Serialized files now loaded: 0)
Unloading 70 unused Assets / (1.3 MB). Loaded Objects now: 4748.
Memory consumption went from 241.1 MB to 239.8 MB.
Total: 19.272400 ms (FindLiveObjects: 1.744900 ms CreateObjectMapping: 1.842800 ms MarkObjects: 14.560300 ms  DeleteObjects: 1.121700 ms)

AssetImportParameters requested are different than current active one (requested -> active):
  custom:video-decoder-ogg-theora: a1e56fd34408186e4bbccfd4996cb3dc -> 
  custom:container-muxer-webm: aa71ff27fc2769a1b78a27578f13a17b -> 
  custom:container-demuxer-webm: 4f35f7cbe854078d1ac9338744f61a02 -> 
  custom:video-encoder-webm-vp8: eb34c28f22e8b96e1ab97ce403110664 -> 
  custom:audio-encoder-webm-vorbis: bf7c407c2cedff20999df2af8eb42d56 -> 
  custom:framework-win-MediaFoundation: 216162199b28c13a410421893ffa2e32 -> 
  custom:container-demuxer-ogg: 62fdf1f143b41e24485cea50d1cbac27 -> 
  custom:video-decoder-webm-vp8: 9c59270c3fd7afecdb556c50c9e8de78 -> 
  custom:audio-decoder-ogg-vorbis: bf7c407c2cedff20999df2af8eb42d56 -> 
